<?xml version="1.0" encoding="UTF-8"?>
<!-- Generated by org.testng.reporters.JUnitReportReporter -->
<testsuite hostname="SPBLRLTU627" failures="0" tests="1" name="Testng.SoftAssert1" time="15.700" errors="0" timestamp="2022-10-20T13:17:14 IST" skipped="0">
  <testcase classname="Testng.SoftAssert1" name="titleTest" time="15.700"/>
  <system-out/>
</testsuite> <!-- Testng.SoftAssert1 -->
