<?xml version="1.0" encoding="UTF-8"?>
<!-- Generated by org.testng.reporters.JUnitReportReporter -->
<testsuite hostname="SPBLRLTU627" failures="0" tests="1" name="Testng.Assert1" time="13.172" errors="0" timestamp="2022-10-19T13:11:51 IST" skipped="0">
  <testcase classname="Testng.Assert1" name="titleTest" time="13.172"/>
  <system-out/>
</testsuite> <!-- Testng.Assert1 -->
