<?xml version="1.0" encoding="UTF-8"?>
<!-- Generated by org.testng.reporters.JUnitReportReporter -->
<testsuite hostname="SPBLRLTU627" failures="0" tests="4" name="Testng.Group_Testcases" time="0.011" errors="0" timestamp="2022-10-20T13:19:19 IST" skipped="0">
  <testcase classname="Testng.Group_Testcases" name="atest4" time="0.001"/>
  <system-out/>
  <testcase classname="Testng.Group_Testcases" name="atest3" time="0.007"/>
  <system-out/>
  <testcase classname="Testng.Group_Testcases" name="atest1" time="0.001"/>
  <system-out/>
  <testcase classname="Testng.Group_Testcases" name="atest2" time="0.002"/>
  <system-out/>
</testsuite> <!-- Testng.Group_Testcases -->
