<?xml version="1.0" encoding="UTF-8"?>
<!-- Generated by org.testng.reporters.JUnitReportReporter -->
<testsuite hostname="SPBLRLTU627" failures="0" tests="8" name="testcases.TC008" time="38.109" errors="0" timestamp="2022-10-25T14:52:29 IST" skipped="0">
  <testcase classname="testcases.TC008" name="test1" time="24.448"/>
  <system-out/>
  <testcase classname="testcases.TC008" name="test7" time="0.557"/>
  <system-out/>
  <testcase classname="testcases.TC008" name="test6" time="0.343"/>
  <system-out/>
  <testcase classname="testcases.TC008" name="test2" time="8.987"/>
  <system-out/>
  <testcase classname="testcases.TC008" name="test3" time="2.203"/>
  <system-out/>
  <testcase classname="testcases.TC008" name="test8" time="0.496"/>
  <system-out/>
  <testcase classname="testcases.TC008" name="test5" time="0.368"/>
  <system-out/>
  <testcase classname="testcases.TC008" name="test4" time="0.707"/>
  <system-out/>
</testsuite> <!-- testcases.TC008 -->
