<?xml version="1.0" encoding="UTF-8"?>
<!-- Generated by org.testng.reporters.JUnitReportReporter -->
<testsuite hostname="SPBLRLTU627" failures="0" tests="10" name="testcases.TC010" time="11.340" errors="0" timestamp="2022-10-26T13:14:32 IST" skipped="0">
  <testcase classname="testcases.TC010" name="test1" time="7.642"/>
  <system-out/>
  <testcase classname="testcases.TC010" name="test9" time="0.409"/>
  <system-out/>
  <testcase classname="testcases.TC010" name="test6" time="0.381"/>
  <system-out/>
  <testcase classname="testcases.TC010" name="test3" time="0.976"/>
  <system-out/>
  <testcase classname="testcases.TC010" name="test4" time="0.319"/>
  <system-out/>
  <testcase classname="testcases.TC010" name="test10" time="0.389"/>
  <system-out/>
  <testcase classname="testcases.TC010" name="test7" time="0.290"/>
  <system-out/>
  <testcase classname="testcases.TC010" name="test2" time="0.266"/>
  <system-out/>
  <testcase classname="testcases.TC010" name="test5" time="0.360"/>
  <system-out/>
  <testcase classname="testcases.TC010" name="test8" time="0.308"/>
  <system-out/>
</testsuite> <!-- testcases.TC010 -->
