<?xml version="1.0" encoding="UTF-8"?>
<!-- Generated by org.testng.reporters.JUnitReportReporter -->
<testsuite hostname="SPBLRLTU627" failures="0" tests="5" name="testcases.TC012" time="10.963" errors="0" timestamp="2022-10-26T14:32:48 IST" skipped="0">
  <testcase classname="testcases.TC012" name="test11" time="0.298"/>
  <system-out/>
  <testcase classname="testcases.TC012" name="test2" time="0.292"/>
  <system-out/>
  <testcase classname="testcases.TC012" name="test12" time="0.301"/>
  <system-out/>
  <testcase classname="testcases.TC012" name="test1" time="9.006"/>
  <system-out/>
  <testcase classname="testcases.TC012" name="test3" time="1.066"/>
  <system-out/>
</testsuite> <!-- testcases.TC012 -->
