<?xml version="1.0" encoding="UTF-8"?>
<!-- Generated by org.testng.reporters.JUnitReportReporter -->
<testsuite hostname="SPBLRLTU627" failures="0" tests="6" name="testcases.TC020" time="17.059" errors="0" timestamp="2022-10-25T14:52:29 IST" skipped="0">
  <testcase classname="testcases.TC020" name="test5" time="0.564"/>
  <system-out/>
  <testcase classname="testcases.TC020" name="test4" time="0.445"/>
  <system-out/>
  <testcase classname="testcases.TC020" name="test2" time="0.500"/>
  <system-out/>
  <testcase classname="testcases.TC020" name="test20" time="0.896"/>
  <system-out/>
  <testcase classname="testcases.TC020" name="test1" time="13.166"/>
  <system-out/>
  <testcase classname="testcases.TC020" name="test3" time="1.488"/>
  <system-out/>
</testsuite> <!-- testcases.TC020 -->
