<?xml version="1.0" encoding="UTF-8"?>
<!-- Generated by org.testng.reporters.JUnitReportReporter -->
<testsuite hostname="SPBLRLTU627" failures="0" tests="1" name="Jpetstore.Testcase1" time="15.549" errors="0" timestamp="2022-10-20T18:31:39 IST" skipped="0">
  <testcase classname="Jpetstore.Testcase1" name="verify" time="15.549"/>
  <system-out/>
</testsuite> <!-- Jpetstore.Testcase1 -->
