<?xml version="1.0" encoding="UTF-8"?>
<!-- Generated by org.testng.reporters.JUnitReportReporter -->
<testsuite hostname="SPBLRLTU627" failures="0" tests="1" name="Base_package.Base_Class" time="25.314" errors="0" timestamp="2022-10-20T13:00:14 IST" skipped="0">
  <testcase classname="Base_package.Base_Class" name="verify" time="25.314"/>
  <system-out/>
</testsuite> <!-- Base_package.Base_Class -->
