<?xml version="1.0" encoding="UTF-8"?>
<!-- Generated by org.testng.reporters.JUnitReportReporter -->
<testsuite hostname="SPBLRLTU627" failures="0" tests="7" name="testcases.TC007" time="22.356" errors="0" timestamp="2022-10-25T14:52:29 IST" skipped="0">
  <testcase classname="testcases.TC007" name="test1" time="15.888"/>
  <system-out/>
  <testcase classname="testcases.TC007" name="test6" time="0.660"/>
  <system-out/>
  <testcase classname="testcases.TC007" name="test3" time="1.635"/>
  <system-out/>
  <testcase classname="testcases.TC007" name="test2" time="2.242"/>
  <system-out/>
  <testcase classname="testcases.TC007" name="test5" time="0.647"/>
  <system-out/>
  <testcase classname="testcases.TC007" name="test7" time="0.677"/>
  <system-out/>
  <testcase classname="testcases.TC007" name="test4" time="0.607"/>
  <system-out/>
</testsuite> <!-- testcases.TC007 -->
