<?xml version="1.0" encoding="UTF-8"?>
<!-- Generated by org.testng.reporters.JUnitReportReporter -->
<testsuite hostname="SPBLRLTU627" failures="0" tests="1" name="Sample.MainClass" time="26.977" errors="0" timestamp="2022-10-20T15:43:48 IST" skipped="0">
  <testcase classname="Sample.MainClass" name="verify" time="26.977"/>
  <system-out/>
</testsuite> <!-- Sample.MainClass -->
