<?xml version="1.0" encoding="UTF-8"?>
<!-- Generated by org.testng.reporters.JUnitReportReporter -->
<testsuite hostname="SPBLRLTU627" failures="0" tests="3" name="testcases.TC003" time="14.550" errors="0" timestamp="2022-10-25T14:52:29 IST" skipped="0">
  <testcase classname="testcases.TC003" name="test1" time="12.665"/>
  <system-out/>
  <testcase classname="testcases.TC003" name="test3" time="1.095"/>
  <system-out/>
  <testcase classname="testcases.TC003" name="test2" time="0.790"/>
  <system-out/>
</testsuite> <!-- testcases.TC003 -->
