<?xml version="1.0" encoding="UTF-8"?>
<!-- Generated by org.testng.reporters.JUnitReportReporter -->
<testsuite hostname="SPBLRLTU627" failures="0" tests="5" name="testcases.TC011" time="17.198" errors="0" timestamp="2022-10-26T14:18:40 IST" skipped="0">
  <testcase classname="testcases.TC011" name="test4" time="0.400"/>
  <system-out/>
  <testcase classname="testcases.TC011" name="test2" time="0.329"/>
  <system-out/>
  <testcase classname="testcases.TC011" name="test11" time="6.735"/>
  <system-out/>
  <testcase classname="testcases.TC011" name="test1" time="8.654"/>
  <system-out/>
  <testcase classname="testcases.TC011" name="test3" time="1.080"/>
  <system-out/>
</testsuite> <!-- testcases.TC011 -->
