<?xml version="1.0" encoding="UTF-8"?>
<!-- Generated by org.testng.reporters.JUnitReportReporter -->
<testsuite hostname="SPBLRLTU627" failures="0" tests="2" name="testcases.TC002" time="12.947" errors="0" timestamp="2022-10-25T14:52:29 IST" skipped="0">
  <testcase classname="testcases.TC002" name="test2" time="0.566"/>
  <system-out/>
  <testcase classname="testcases.TC002" name="test1" time="12.381"/>
  <system-out/>
</testsuite> <!-- testcases.TC002 -->
