<?xml version="1.0" encoding="UTF-8"?>
<!-- Generated by org.testng.reporters.JUnitReportReporter -->
<testsuite hostname="SPBLRLTU627" failures="0" tests="1" name="testcases.TC001" time="9.682" errors="0" timestamp="2022-10-25T14:52:28 IST" skipped="0">
  <testcase classname="testcases.TC001" name="test1" time="9.682"/>
  <system-out/>
</testsuite> <!-- testcases.TC001 -->
