<?xml version="1.0" encoding="UTF-8"?>
<!-- Generated by org.testng.reporters.JUnitReportReporter -->
<testsuite hostname="SPBLRLTU627" failures="0" tests="2" name="Testng.Sample" time="0.008" errors="0" timestamp="2022-09-27T11:07:48 IST" skipped="0">
  <testcase classname="Testng.Sample" name="atest1" time="0.005"/>
  <system-out/>
  <testcase classname="Testng.Sample" name="atest2" time="0.003"/>
  <system-out/>
</testsuite> <!-- Testng.Sample -->
