<?xml version="1.0" encoding="UTF-8"?>
<!-- Generated by org.testng.reporters.JUnitReportReporter -->
<testsuite hostname="SPBLRLTU627" failures="0" tests="9" name="testcases.TC009" time="12.717" errors="0" timestamp="2022-10-26T13:11:30 IST" skipped="0">
  <testcase classname="testcases.TC009" name="test6" time="0.396"/>
  <system-out/>
  <testcase classname="testcases.TC009" name="test9" time="0.387"/>
  <system-out/>
  <testcase classname="testcases.TC009" name="test3" time="0.932"/>
  <system-out/>
  <testcase classname="testcases.TC009" name="test7" time="0.303"/>
  <system-out/>
  <testcase classname="testcases.TC009" name="test2" time="0.281"/>
  <system-out/>
  <testcase classname="testcases.TC009" name="test5" time="0.331"/>
  <system-out/>
  <testcase classname="testcases.TC009" name="test1" time="9.358"/>
  <system-out/>
  <testcase classname="testcases.TC009" name="test4" time="0.310"/>
  <system-out/>
  <testcase classname="testcases.TC009" name="test8" time="0.419"/>
  <system-out/>
</testsuite> <!-- testcases.TC009 -->
