<?xml version="1.0" encoding="UTF-8"?>
<!-- Generated by org.testng.reporters.JUnitReportReporter -->
<testsuite hostname="SPBLRLTU627" failures="0" tests="4" name="testcases.TC004" time="11.227" errors="0" timestamp="2022-10-26T14:07:18 IST" skipped="0">
  <testcase classname="testcases.TC004" name="test2" time="0.380"/>
  <system-out/>
  <testcase classname="testcases.TC004" name="test3" time="1.334"/>
  <system-out/>
  <testcase classname="testcases.TC004" name="test1" time="9.219"/>
  <system-out/>
  <testcase classname="testcases.TC004" name="test4" time="0.294"/>
  <system-out/>
</testsuite> <!-- testcases.TC004 -->
