<?xml version="1.0" encoding="UTF-8"?>
<!-- Generated by org.testng.reporters.JUnitReportReporter -->
<testsuite hostname="SPBLRLTU627" failures="0" tests="1" name="Testng.VerifyTitleTest" time="11.712" errors="0" timestamp="2022-09-27T13:12:24 IST" skipped="0">
  <testcase classname="Testng.VerifyTitleTest" name="titleTest" time="11.712"/>
  <system-out/>
</testsuite> <!-- Testng.VerifyTitleTest -->
