<?xml version="1.0" encoding="UTF-8"?>
<!-- Generated by org.testng.reporters.JUnitReportReporter -->
<testsuite hostname="SPBLRLTU627" failures="0" tests="6" name="testcases.TC006" time="24.142" errors="0" timestamp="2022-10-25T14:52:28 IST" skipped="0">
  <testcase classname="testcases.TC006" name="test5" time="0.483"/>
  <system-out/>
  <testcase classname="testcases.TC006" name="test1" time="19.974"/>
  <system-out/>
  <testcase classname="testcases.TC006" name="test4" time="0.481"/>
  <system-out/>
  <testcase classname="testcases.TC006" name="test3" time="2.229"/>
  <system-out/>
  <testcase classname="testcases.TC006" name="test6" time="0.414"/>
  <system-out/>
  <testcase classname="testcases.TC006" name="test2" time="0.561"/>
  <system-out/>
</testsuite> <!-- testcases.TC006 -->
