<?xml version="1.0" encoding="UTF-8"?>
<!-- Generated by org.testng.reporters.JUnitReportReporter -->
<testsuite hostname="SPBLRLTU627" failures="0" tests="1" name="Sample.Testcase1" time="22.750" errors="0" timestamp="2022-10-20T16:32:47 IST" skipped="0">
  <testcase classname="Sample.Testcase1" name="verify" time="22.750"/>
  <system-out/>
</testsuite> <!-- Sample.Testcase1 -->
