<?xml version="1.0" encoding="UTF-8"?>
<!-- Generated by org.testng.reporters.JUnitReportReporter -->
<testsuite hostname="SPBLRLTU627" failures="0" tests="6" name="testcases.TC013" time="9.716" errors="0" timestamp="2022-10-26T14:35:45 IST" skipped="0">
  <testcase classname="testcases.TC013" name="test12" time="0.405"/>
  <system-out/>
  <testcase classname="testcases.TC013" name="test1" time="7.385"/>
  <system-out/>
  <testcase classname="testcases.TC013" name="test3" time="0.882"/>
  <system-out/>
  <testcase classname="testcases.TC013" name="test2" time="0.436"/>
  <system-out/>
  <testcase classname="testcases.TC013" name="test11" time="0.306"/>
  <system-out/>
  <testcase classname="testcases.TC013" name="test13" time="0.302"/>
  <system-out/>
</testsuite> <!-- testcases.TC013 -->
