<?xml version="1.0" encoding="UTF-8"?>
<!-- Generated by org.testng.reporters.JUnitReportReporter -->
<testsuite hostname="SPBLRLTU627" failures="0" tests="5" name="testcases.TC005" time="16.778" errors="0" timestamp="2022-10-26T11:50:35 IST" skipped="0">
  <testcase classname="testcases.TC005" name="test4" time="0.397"/>
  <system-out/>
  <testcase classname="testcases.TC005" name="test2" time="0.319"/>
  <system-out/>
  <testcase classname="testcases.TC005" name="test5" time="0.283"/>
  <system-out/>
  <testcase classname="testcases.TC005" name="test1" time="14.600"/>
  <system-out/>
  <testcase classname="testcases.TC005" name="test3" time="1.179"/>
  <system-out/>
</testsuite> <!-- testcases.TC005 -->
