<?xml version="1.0" encoding="UTF-8"?>
<!-- Generated by org.testng.reporters.JUnitReportReporter -->
<testsuite hostname="SPBLRLTU627" failures="0" tests="2" name="Testng.TestNG" time="0.007" errors="0" timestamp="2022-10-20T13:17:35 IST" skipped="0">
  <testcase classname="Testng.TestNG" name="atest1" time="0.005"/>
  <system-out/>
  <testcase classname="Testng.TestNG" name="atest2" time="0.002"/>
  <system-out/>
</testsuite> <!-- Testng.TestNG -->
